<?xml version="1.0" encoding="UTF-8"?>
<!-- Generated by org.testng.reporters.JUnitReportReporter -->
<testsuite skipped="0" hostname="seema-VirtualBox" name="src.com.java.tests.AdditionTest" tests="3" failures="0" timestamp="12 Feb 2018 17:02:01 GMT" time="0.124" errors="0">
  <testcase name="addTest003" time="0.098" classname="src.com.java.tests.AdditionTest"/>
  <testcase name="addTest02" time="0.010" classname="src.com.java.tests.AdditionTest"/>
  <testcase name="addTest01" time="0.016" classname="src.com.java.tests.AdditionTest"/>
</testsuite> <!-- src.com.java.tests.AdditionTest -->
