<?xml version="1.0" encoding="UTF-8"?>
<!-- Generated by org.testng.reporters.JUnitReportReporter -->
<testsuite skipped="0" hostname="seema-VirtualBox" name="tests.AdditionTest" tests="3" failures="0" timestamp="11 Feb 2018 03:20:16 GMT" time="0.158" errors="0">
  <testcase name="addTest003" time="0.134" classname="tests.AdditionTest"/>
  <testcase name="addTest02" time="0.024" classname="tests.AdditionTest"/>
  <testcase name="addTest01" time="0.000" classname="tests.AdditionTest"/>
</testsuite> <!-- tests.AdditionTest -->
