<?xml version="1.0" encoding="UTF-8"?>
<!-- Generated by org.testng.reporters.JUnitReportReporter -->
<testsuite skipped="0" hostname="seema-VirtualBox" name="test.java.com.unagis.container.test.AdditionTest" tests="3" failures="0" timestamp="12 Feb 2018 18:23:49 GMT" time="0.021" errors="0">
  <testcase name="addTest02" time="0.000" classname="test.java.com.unagis.container.test.AdditionTest"/>
  <testcase name="addTest01" time="0.002" classname="test.java.com.unagis.container.test.AdditionTest"/>
  <testcase name="addTest003" time="0.019" classname="test.java.com.unagis.container.test.AdditionTest"/>
</testsuite> <!-- test.java.com.unagis.container.test.AdditionTest -->
